<?xml version="1.0" encoding="UTF-8"?>
<testng-results skipped="0" failed="1" ignored="0" total="7" passed="6">
  <reporter-output>
  </reporter-output>
  <suite name="Default suite" duration-ms="216" started-at="2020-08-14T17:12:42Z" finished-at="2020-08-14T17:12:42Z">
    <groups>
    </groups>
    <test name="Default test" duration-ms="216" started-at="2020-08-14T17:12:42Z" finished-at="2020-08-14T17:12:42Z">
      <class name="GTProjects.GITcommands.SeleniumTest">
        <test-method status="PASS" signature="ApplicationLaunch()[pri:0, instance:GTProjects.GITcommands.SeleniumTest@1f1c7bf6]" name="ApplicationLaunch" duration-ms="22" started-at="2020-08-14T17:12:42Z" finished-at="2020-08-14T17:12:42Z">
          <reporter-output>
          </reporter-output>
        </test-method> <!-- ApplicationLaunch -->
        <test-method status="FAIL" signature="ApplicationLaunch2()[pri:0, instance:GTProjects.GITcommands.SeleniumTest@1f1c7bf6]" name="ApplicationLaunch2" duration-ms="12" started-at="2020-08-14T17:12:42Z" finished-at="2020-08-14T17:12:42Z">
          <exception class="java.lang.AssertionError">
            <message>
              <![CDATA[expected [true] but found [false]]]>
            </message>
            <full-stacktrace>
              <![CDATA[java.lang.AssertionError: expected [true] but found [false]
at org.testng.Assert.fail(Assert.java:96)
at org.testng.Assert.failNotEquals(Assert.java:776)
at org.testng.Assert.assertTrue(Assert.java:44)
at org.testng.Assert.assertTrue(Assert.java:54)
at GTProjects.GITcommands.SeleniumTest.ApplicationLaunch2(SeleniumTest.java:19)
at sun.reflect.NativeMethodAccessorImpl.invoke0(Native Method)
at sun.reflect.NativeMethodAccessorImpl.invoke(Unknown Source)
at sun.reflect.DelegatingMethodAccessorImpl.invoke(Unknown Source)
at java.lang.reflect.Method.invoke(Unknown Source)
at org.testng.internal.MethodInvocationHelper.invokeMethod(MethodInvocationHelper.java:124)
at org.testng.internal.Invoker.invokeMethod(Invoker.java:583)
at org.testng.internal.Invoker.invokeTestMethod(Invoker.java:719)
at org.testng.internal.Invoker.invokeTestMethods(Invoker.java:989)
at org.testng.internal.TestMethodWorker.invokeTestMethods(TestMethodWorker.java:125)
at org.testng.internal.TestMethodWorker.run(TestMethodWorker.java:109)
at org.testng.TestRunner.privateRun(TestRunner.java:648)
at org.testng.TestRunner.run(TestRunner.java:505)
at org.testng.SuiteRunner.runTest(SuiteRunner.java:455)
at org.testng.SuiteRunner.runSequentially(SuiteRunner.java:450)
at org.testng.SuiteRunner.privateRun(SuiteRunner.java:415)
at org.testng.SuiteRunner.run(SuiteRunner.java:364)
at org.testng.SuiteRunnerWorker.runSuite(SuiteRunnerWorker.java:52)
at org.testng.SuiteRunnerWorker.run(SuiteRunnerWorker.java:84)
at org.testng.TestNG.runSuitesSequentially(TestNG.java:1208)
at org.testng.TestNG.runSuitesLocally(TestNG.java:1137)
at org.testng.TestNG.runSuites(TestNG.java:1049)
at org.testng.TestNG.run(TestNG.java:1017)
at org.testng.remote.AbstractRemoteTestNG.run(AbstractRemoteTestNG.java:115)
at org.testng.remote.RemoteTestNG.initAndRun(RemoteTestNG.java:251)
at org.testng.remote.RemoteTestNG.main(RemoteTestNG.java:77)
]]>
            </full-stacktrace>
          </exception> <!-- java.lang.AssertionError -->
          <reporter-output>
          </reporter-output>
        </test-method> <!-- ApplicationLaunch2 -->
        <test-method status="PASS" signature="browserTest()[pri:0, instance:GTProjects.GITcommands.SeleniumTest@1f1c7bf6]" name="browserTest" duration-ms="9" started-at="2020-08-14T17:12:42Z" finished-at="2020-08-14T17:12:42Z">
          <reporter-output>
          </reporter-output>
        </test-method> <!-- browserTest -->
      </class> <!-- GTProjects.GITcommands.SeleniumTest -->
      <class name="GTProjects.GITcommands.RestAPITest">
        <test-method status="PASS" signature="RestApiTest()[pri:0, instance:GTProjects.GITcommands.RestAPITest@25b485ba]" name="RestApiTest" duration-ms="8" started-at="2020-08-14T17:12:42Z" finished-at="2020-08-14T17:12:42Z">
          <reporter-output>
          </reporter-output>
        </test-method> <!-- RestApiTest -->
        <test-method status="PASS" signature="RestApiTest2()[pri:0, instance:GTProjects.GITcommands.RestAPITest@25b485ba]" name="RestApiTest2" duration-ms="3" started-at="2020-08-14T17:12:42Z" finished-at="2020-08-14T17:12:42Z">
          <reporter-output>
          </reporter-output>
        </test-method> <!-- RestApiTest2 -->
      </class> <!-- GTProjects.GITcommands.RestAPITest -->
      <class name="GTProjects.GITcommands.MobileTest">
        <test-method status="PASS" signature="AppiumTest()[pri:0, instance:GTProjects.GITcommands.MobileTest@2b546384]" name="AppiumTest" duration-ms="11" started-at="2020-08-14T17:12:42Z" finished-at="2020-08-14T17:12:42Z">
          <reporter-output>
          </reporter-output>
        </test-method> <!-- AppiumTest -->
        <test-method status="PASS" signature="AppiumTest2()[pri:0, instance:GTProjects.GITcommands.MobileTest@2b546384]" name="AppiumTest2" duration-ms="6" started-at="2020-08-14T17:12:42Z" finished-at="2020-08-14T17:12:42Z">
          <reporter-output>
          </reporter-output>
        </test-method> <!-- AppiumTest2 -->
      </class> <!-- GTProjects.GITcommands.MobileTest -->
    </test> <!-- Default test -->
  </suite> <!-- Default suite -->
</testng-results>
